[2019-11-29 11:09:43.488] [main] INFO  org.bitcoinj.crypto.MnemonicCode : PBKDF2 took 232.0 ms
[2019-11-29 11:09:44.034] [main] INFO  io.arcblock.forge.ForgeSDK : sendTx: CiN6MWdKRE5aajgyM3JRdUdIVWlKY01Zeko3aUJBUm9nUkxtShDdgYup6y0aB2RlZmF1bHQiINEzjO7ahyxkEGXEXTr29uO9iZEjdjPtl4W8byBIQCywakAWFoKGbreBCmC8Rl0hRqcY7lr3SkkRTaPq252xLoHd6QoWbZhR59WPJ-sjJJGIpE4qmsdyR14oJDffRkWn2EkCejwKDGZnOnQ6ZGVjbGFyZRIsCgVBbGljZRIjejFnSkROWmo4MjNyUXVHSFVpSmNNWXpKN2lCQVJvZ1JMbUo=
[2019-11-29 11:09:44.118] [main] INFO  org.bitcoinj.crypto.MnemonicCode : PBKDF2 took 19.39 ms
[2019-11-29 11:09:44.124] [main] INFO  io.arcblock.forge.ForgeSDK : sendTx: CiN6MWZNNzh1WW9tYVl2eG5ndlhaSzhaRUZhcXBTaFBnWml0QhC6goup6y0aB2RlZmF1bHQiIKoVydGWUtlnfSksnmNNY4xMMMUuw4IVUhN4DMmCwTDsakBCr0wjdXHmNXxGqNYiHXp_qwK_6bVI8PFcwpo9vU_JQzfw9zRuzYTVd1EBn_sHBKYESVDEnFwkQTy0dJVjafgOejwKDGZnOnQ6ZGVjbGFyZRIsCgVCb2JieRIjejFmTTc4dVlvbWFZdnhuZ3ZYWks4WkVGYXFwU2hQZ1ppdEI=
[2019-11-29 11:09:44.166] [main] INFO  io.arcblock.forge.ForgeSDK : sendTx: CiN6MWdKRE5aajgyM3JRdUdIVWlKY01Zeko3aUJBUm9nUkxtShDmgoup6y0aB2RlZmF1bHQiINEzjO7ahyxkEGXEXTr29uO9iZEjdjPtl4W8byBIQCywakB51rFapgMAaupxCqk7BEDklN7k8zsUTtbIh8FfsPXMxePtGoV3P0BHfzHmY7xghjBW4_V4DaofNtQMctTH7CoDejsKDWZnOnQ6dHJhbnNmZXISKgojejFmTTc4dVlvbWFZdnhuZ3ZYWks4WkVGYXFwU2hQZ1ppdEISAwoBCg==
[2019-11-29 11:09:44.192] [main] INFO  Forge : hash: "053987FAF47673F4ABCF5D3CB4AB49914DAC0569443987C9E790F4D7D6B3ACDE"

[2019-11-29 11:12:27.057] [main] INFO  org.bitcoinj.crypto.MnemonicCode : PBKDF2 took 225.7 ms
[2019-11-29 11:12:27.731] [main] INFO  io.arcblock.forge.ForgeSDK : sendTx: CiN6MWpDUjZObjlSWGc1UFRrM2tHS21lcmJ2am11UlhoN2tVThDOgJWp6y0aB2RlZmF1bHQiICczjSPN-ROCxhAAr3AWahNsigg-EY9uuPDo6Y8W2AD7akA3CctnhaED0vp_ssjmmk7KOmSma37wW4LJS3puigm4ad-U-EnwtXwq_ULzIuV5nqFlcRohlwGbW8dt2A_yOwkIejwKDGZnOnQ6ZGVjbGFyZRIsCgVBbGljZRIjejFqQ1I2Tm45UlhnNVBUazNrR0ttZXJidmptdVJYaDdrVU4=
[2019-11-29 11:12:27.832] [main] INFO  org.bitcoinj.crypto.MnemonicCode : PBKDF2 took 18.91 ms
[2019-11-29 11:12:27.838] [main] INFO  io.arcblock.forge.ForgeSDK : sendTx: CiN6MWVrZk1SUk16MlFSN3R4ZHRNbjY0em95RlFIYmdrMWt1ehC9gZWp6y0aB2RlZmF1bHQiIIGew6IRDuG8IykHYjlbVbGyIwoU0d0B0nk2pm9ZmeHYakAtR-vP8vX-4FbbS_KKpEbMLOr_noTAYu7qE1bBhAim04YGJfjjspyxdrhrltuTKpvvXKkZSvF8zGY-CWAlsOINejwKDGZnOnQ6ZGVjbGFyZRIsCgVCb2JieRIjejFla2ZNUlJNejJRUjd0eGR0TW42NHpveUZRSGJnazFrdXo=
[2019-11-29 11:12:27.896] [main] INFO  io.arcblock.forge.ForgeSDK : sendTx: CiN6MWpDUjZObjlSWGc1UFRrM2tHS21lcmJ2am11UlhoN2tVThD3gZWp6y0aB2RlZmF1bHQiICczjSPN-ROCxhAAr3AWahNsigg-EY9uuPDo6Y8W2AD7akCVqNrKqv7MRpdStYLqzWvrt_YdGuuD7MH5spv8aBtWDWtQUKUjnWPZDs5SO5SfGF8guwN_eh087IA8k0MEqd8LejsKDWZnOnQ6dHJhbnNmZXISKgojejFla2ZNUlJNejJRUjd0eGR0TW42NHpveUZRSGJnazFrdXoSAwoBCg==
[2019-11-29 11:12:27.922] [main] INFO  Forge : hash: "644C5887D7199A749984E75C24848A55E16A16DE65F8E01528A3281D5D7B523C"

[2019-11-29 11:13:00.407] [main] INFO  org.bitcoinj.crypto.MnemonicCode : PBKDF2 took 235.1 ms
[2019-11-29 11:13:00.954] [main] INFO  io.arcblock.forge.ForgeSDK : sendTx: CiN6MWRScG0xSkQ4cVcxUG9kOW9YazRiaXVuaE1jYnV0TGplURCVhJep6y0aB2RlZmF1bHQiIADJsPEd5IBfhWsXthyiUgW-unBFLGnJthmcPZsTcAQWakAy6ciRum_aY7cBfo64VtrgVOa3VEhfYdnA9jNOC5DxfN_ZlQsKg15dzzdj2tS5_rf83IGIN4yi88UU5TDTS4ICejwKDGZnOnQ6ZGVjbGFyZRIsCgVBbGljZRIjejFkUnBtMUpEOHFXMVBvZDlvWGs0Yml1bmhNY2J1dExqZVE=
[2019-11-29 11:13:01.028] [main] INFO  org.bitcoinj.crypto.MnemonicCode : PBKDF2 took 16.60 ms
[2019-11-29 11:13:01.033] [main] INFO  io.arcblock.forge.ForgeSDK : sendTx: CiN6MVI0Z2hxdTRkOFBTWlRhYUhmd01hVmNtVndCcTVwdHFpURDohJep6y0aB2RlZmF1bHQiID2zyXPAT6Q7md_QlLvD45cBnoBSZbq_lEY4J64ZkUB1akDtxqJZ6MBDPZ3yP8SVOjwEJmtICdSBdrscJe7gXgad54RtdX2oYoqRWnShsYpPZ521x0sgheQu4KesfoTRfkkNejwKDGZnOnQ6ZGVjbGFyZRIsCgVCb2JieRIjejFSNGdocXU0ZDhQU1pUYWFIZndNYVZjbVZ3QnE1cHRxaVE=
[2019-11-29 11:13:01.075] [main] INFO  io.arcblock.forge.ForgeSDK : sendTx: CiN6MWRScG0xSkQ4cVcxUG9kOW9YazRiaXVuaE1jYnV0TGplURCShZep6y0aB2RlZmF1bHQiIADJsPEd5IBfhWsXthyiUgW-unBFLGnJthmcPZsTcAQWakAyDutL82b6JG_gF8YZ-61GxfIY6z6W5yvZUWYGD3HCh-bk3L-elzAQ32C0Jd1VDegMNLJSPJGx5LlOQ5lnvgYAejsKDWZnOnQ6dHJhbnNmZXISKgojejFSNGdocXU0ZDhQU1pUYWFIZndNYVZjbVZ3QnE1cHRxaVESAwoBCg==
[2019-11-29 11:13:01.099] [main] INFO  Forge : hash: "9572620719C3B8ED652DEA60714986F48DEC9CE5FFFA435B70C870FB0AE30481"

[2019-11-29 11:16:18.916] [main] INFO  org.bitcoinj.crypto.MnemonicCode : PBKDF2 took 231.4 ms
[2019-11-29 11:16:19.460] [main] INFO  io.arcblock.forge.ForgeSDK : sendTx: CiN6MWhnSHBNdWVmNU1uZDh4dDFaTm9XYzkyYnhEZFl3RlRGMhD_kqOp6y0aB2RlZmF1bHQiILI5PIvVVhhghRgMeKaz8SecyI15TvxeSxnsC9UvhSsnakB05QmrrT5ImkR3XGV7w55mpP_93Y7OZRowfL-SVCsGFeqw9_3dG_rJTutSvmNKb1a-zjmKpKK4gsyUve0XP5ACejwKDGZnOnQ6ZGVjbGFyZRIsCgVBbGljZRIjejFoZ0hwTXVlZjVNbmQ4eHQxWk5vV2M5MmJ4RGRZd0ZURjI=
[2019-11-29 11:16:19.537] [main] INFO  org.bitcoinj.crypto.MnemonicCode : PBKDF2 took 16.41 ms
[2019-11-29 11:16:19.543] [main] INFO  io.arcblock.forge.ForgeSDK : sendTx: CiN6MVF5YnJ6Tk5zdm1qZWtvcm8xOTNwdUV0MWttam5DcGZCWBDWk6Op6y0aB2RlZmF1bHQiIJAhQCG6IscDIeXSPAfz75aoBF6o1BsWw-AsjuKR19SYakDdeZ0LEXDUxJD4AkJT3wLh0bZ0Ujvj033jGOVCLSpV-ItljOE9NuklIXzIz27KVhlS3Wk11iMwRpL4Kpc03IsGejwKDGZnOnQ6ZGVjbGFyZRIsCgVCb2JieRIjejFReWJyek5Oc3ZtamVrb3JvMTkzcHVFdDFrbWpuQ3BmQlg=
[2019-11-29 11:16:19.597] [main] INFO  io.arcblock.forge.ForgeSDK : sendTx: CiN6MWhnSHBNdWVmNU1uZDh4dDFaTm9XYzkyYnhEZFl3RlRGMhCMlKOp6y0aB2RlZmF1bHQiILI5PIvVVhhghRgMeKaz8SecyI15TvxeSxnsC9UvhSsnakBGq-Mv_C6OBEl1KaJx4quaJAFbAlzxxzcf3cyRz0lYbdQmVpgzIRTxBB6Sdg7RhYopmRChDewBKafb2PDZkeIOejsKDWZnOnQ6dHJhbnNmZXISKgojejFReWJyek5Oc3ZtamVrb3JvMTkzcHVFdDFrbWpuQ3BmQlgSAwoBCg==
[2019-11-29 11:16:19.621] [main] INFO  Forge : hash: "EA53FC2F75D3FC327E9F4E2BBB4E3207BBE129BC64089262BD4F8EB16EDD043E"

[2019-11-29 11:16:53.116] [main] INFO  org.bitcoinj.crypto.MnemonicCode : PBKDF2 took 220.4 ms
[2019-11-29 11:16:53.649] [main] INFO  io.arcblock.forge.ForgeSDK : sendTx: CiN6MVZ5MzdnWlFGQUc1cGh6YnBCVk5QYVQzS0hqdWhUdGJCWhCMnqWp6y0aB2RlZmF1bHQiII-kL2VF_XrlpY3ceKn5HZtnKiXuQo3R1i3NCqw93GeFakArQxsNyaRfZJ0w8kVFHSYi-zF4_gMHc15KI87yQwMN921p7W4DFxn3bXiYjTZ_dZ7zgkEtjEtYIz3yVeumCYsHejwKDGZnOnQ6ZGVjbGFyZRIsCgVBbGljZRIjejFWeTM3Z1pRRkFHNXBoemJwQlZOUGFUM0tIanVoVHRiQlo=
[2019-11-29 11:16:53.737] [main] INFO  org.bitcoinj.crypto.MnemonicCode : PBKDF2 took 20.71 ms
[2019-11-29 11:16:53.744] [main] INFO  io.arcblock.forge.ForgeSDK : sendTx: CiN6MVg2NWc3dXUyTlBveGZYY202UlNIeXZCSmpOWEZ5VVNmdxDunqWp6y0aB2RlZmF1bHQiIJWdVx_tLE1SI2YBaOd9y6HzWYL_USdR6ZMsHVjH_3xjakB7oYdnTQG6UzqQmYXmF27tb-swFV099hyibMSlSS_fz72xh5DgMud65-RY8Wv9FlDAgzrSMWx9PRGgNciwnMcIejwKDGZnOnQ6ZGVjbGFyZRIsCgVCb2JieRIjejFYNjVnN3V1Mk5Qb3hmWGNtNlJTSHl2QkpqTlhGeVVTZnc=
[2019-11-29 11:16:53.783] [main] INFO  io.arcblock.forge.ForgeSDK : sendTx: CiN6MVZ5MzdnWlFGQUc1cGh6YnBCVk5QYVQzS0hqdWhUdGJCWhCWn6Wp6y0aB2RlZmF1bHQiII-kL2VF_XrlpY3ceKn5HZtnKiXuQo3R1i3NCqw93GeFakCtdlP8RSjOKlLgL8ovahgOusk_ecXpnil9aYJzr-gjdETR2rnzWv5X8Hp_ZIXHrRorOdKyKxhSAKXA0dmIyy4KejsKDWZnOnQ6dHJhbnNmZXISKgojejFYNjVnN3V1Mk5Qb3hmWGNtNlJTSHl2QkpqTlhGeVVTZncSAwoBCg==
[2019-11-29 11:16:53.810] [main] INFO  Forge : hash: "5794303EA59513F5365337C37194386FF3C51F8F33B21DD8D116AAFE0653BC22"

[2019-11-29 11:18:23.029] [main] INFO  io.arcblock.forge.ForgeSDK : sendTx: CiN6MW9GZ3d0Ync0YzU0TkdLaGhSUUhrRFpucVBOV3NDUWlnQhCv2Kqp6y0aB2RlZmF1bHQiIEgpsJ_xBKW_7BJmpAuw9zMVRoISk-quXZ_3y4gm3MLmakCQGtBkLjmLl3pRuNxCo1LK1BCFH9NaurqsZGRDt13WhsK83xynA4kaPkUUhQWg451NQnkWXOIfHmXAti72M_cFejwKDGZnOnQ6ZGVjbGFyZRIsCgVBbGljZRIjejFvRmd3dGJ3NGM1NE5HS2hoUlFIa0RabnFQTldzQ1FpZ0I=
[2019-11-29 11:18:23.111] [main] INFO  io.arcblock.forge.ForgeSDK : sendTx: CiN6MVRzUkhiQlhlcjlzdjE1ZjZTUEhyWlp5ZnN4b3ZycExkSxCF2aqp6y0aB2RlZmF1bHQiIN2vyuKWdNEUdc92lKvJVCFE8UqRgPHPA1DVlgv_uHOVakCUKFb1KpqEyM4HiRqxJ637BSg3WjtadFkG3vJus_s7lTX7cdQOdwNMWOPSxR2gD3XkYc0uyZuAo1dq3iaQBFgBejwKDGZnOnQ6ZGVjbGFyZRIsCgVCb2JieRIjejFUc1JIYkJYZXI5c3YxNWY2U1BIclpaeWZzeG92cnBMZEs=
[2019-11-29 11:18:23.149] [main] INFO  io.arcblock.forge.ForgeSDK : sendTx: CiN6MW9GZ3d0Ync0YzU0TkdLaGhSUUhrRFpucVBOV3NDUWlnQhCs2aqp6y0aB2RlZmF1bHQiIEgpsJ_xBKW_7BJmpAuw9zMVRoISk-quXZ_3y4gm3MLmakBSTHJJSoSi0Qtcj0pTCMb1tAvDOFgt9wGXGimmHcccifbKXkV-VTcaR-U0ZYJ8wL3RzL3bbIDsovJrAXL3Z2IKejsKDWZnOnQ6dHJhbnNmZXISKgojejFUc1JIYkJYZXI5c3YxNWY2U1BIclpaeWZzeG92cnBMZEsSAwoBCg==
[2019-11-29 11:18:23.178] [main] INFO  Forge : hash: "9A10776EF314B9AAAD7D6C2E931044075C0CA04A662617E096681195A9A5AFEA"

[2019-11-29 11:19:30.575] [main] INFO  io.arcblock.forge.ForgeSDK : sendTx: CiN6MVVSSjRiUnBjNTJNQWZtY0g4QTFGcEhWVzZEaVZTeEt2NxCK6K6p6y0aB2RlZmF1bHQiIFIHzwltACSD-Sx7sEYA8Fv2rdoflk8TIdx_PRUj0LJKakD3wv2uF5v_m9ZQGumSyBWN47JZUI6tTIzdfIt_vjAOSpvR1c2o_1XkKwmERmVpH019pQNV8x5S1oFyYNgi79EBejwKDGZnOnQ6ZGVjbGFyZRIsCgVBbGljZRIjejFVUko0YlJwYzUyTUFmbWNIOEExRnBIVlc2RGlWU3hLdjc=
[2019-11-29 11:19:30.690] [main] INFO  io.arcblock.forge.ForgeSDK : sendTx: CiN6MVFSOFk1UG5adlhFTHBVN2dNUlJVdjlldHJ6VEdlNjhFcBCB6a6p6y0aB2RlZmF1bHQiIAfJokQQgOZsYkD3rOfEc2HgTlS-PhvODDI4LVgIQ8C9akDFla5HjQxqpkVJEwZWANXXRfTaspy1cQOFEopL8aN3IKZrI0hbjVwxqdLOCXNH4E5nLy5oYtOjlhGEmNll_VALejwKDGZnOnQ6ZGVjbGFyZRIsCgVCb2JieRIjejFRUjhZNVBuWnZYRUxwVTdnTVJSVXY5ZXRyelRHZTY4RXA=
[2019-11-29 11:19:30.727] [main] INFO  io.arcblock.forge.ForgeSDK : sendTx: CiN6MVVSSjRiUnBjNTJNQWZtY0g4QTFGcEhWVzZEaVZTeEt2NxCm6a6p6y0aB2RlZmF1bHQiIFIHzwltACSD-Sx7sEYA8Fv2rdoflk8TIdx_PRUj0LJKakAppe4rIlyiqsRbaB6FVgfP_8NU2RVSkhH3gZP2DXmP2Bc_b3S5jQxyqJsHb-jGVvIBK3WSW5769NhS4wqdTIkHejsKDWZnOnQ6dHJhbnNmZXISKgojejFRUjhZNVBuWnZYRUxwVTdnTVJSVXY5ZXRyelRHZTY4RXASAwoBCg==
[2019-11-29 11:19:30.748] [main] INFO  Forge : hash: "A54B0969DD81A5C31E783DD987FB2509C39BE068E082F0B66829D5649F7FCD1C"

[2019-11-29 11:20:03.156] [main] INFO  Forge : hash: "B6A675432BD44FF7C4FDDA01EE18D631D919355342A17DE40DD02C391B91791D"

[2019-11-29 14:11:21.766] [main] INFO  Forge : hash: "C2E67E95B63D906CC7FA918ACEAAEFACF0B14B417C1A186F4AE9B8BC34CDBC51"

[2019-11-29 15:09:55.738] [main] INFO  Forge : hash: "6EC7EC339F49BCE096553F239B9B44D3CC9F01986E75804B72FB9D581DB3FE30"

[2019-11-29 15:29:25.447] [main] INFO  Forge : hash: "3E5D2B1205CD44AB07153F9B27807CC30FB1CC62C883DC47647E2E350F156036"

[2019-11-29 17:55:49.721] [main] INFO  Forge : hash: "9865B06A64B57966FD9AEE3B0EBD5BCF05A1F99D53346502B81B4348A1C4C92B"

[2019-11-29 18:01:44.219] [main] INFO  Forge : hash: "B011F23DABDA1221C34D9BDEC2D39567116D88CD28D081BAC7AD33DD730EB2F8"

